#
# A fatal error has been detected by the Java Runtime Environment:
#
#  EXCEPTION_ACCESS_VIOLATION (0xc0000005) at pc=0x000000005aef7fa9, pid=5504, tid=2296
#
# JRE version: Java(TM) SE Runtime Environment (8.0_45-b15) (build 1.8.0_45-b15)
# Java VM: Java HotSpot(TM) 64-Bit Server VM (25.45-b02 mixed mode windows-amd64 compressed oops)
# Problematic frame:
# V  [jvm.dll+0x227fa9]
#
# Failed to write core dump. Minidumps are not enabled by default on client versions of Windows
#
# If you would like to submit a bug report, please visit:
#   http://bugreport.java.com/bugreport/crash.jsp
#

---------------  T H R E A D  ---------------

Current thread (0x0000000002240000):  GCTaskThread [stack: 0x0000000012100000,0x0000000012200000] [id=2296]

siginfo: ExceptionCode=0xc0000005, reading address 0x0000000000000000

Registers:
RAX=0x0000000000000000, RBX=0x00000000ef592728, RCX=0x0000000002227e30, RDX=0x000000005b0c8247
RSP=0x00000000121ff210, RBP=0x004100540045004d, RSI=0x000000005520d240, RDI=0x000000005b0c8247
R8 =0x00000000ef592728, R9 =0x0000000014a0a9d8, R10=0x0000000000000000, R11=0x000000005b2f7478
R12=0x0000000011de0913, R13=0x00000000121ff598, R14=0x0000000000000001, R15=0x000000000223d260
RIP=0x000000005aef7fa9, EFLAGS=0x0000000000010206

Top of Stack: (sp=0x00000000121ff210)
0x00000000121ff210:   00000000ef592728 000000000274ccac
0x00000000121ff220:   000000000274cca0 000000000274cca4
0x00000000121ff230:   000000000274cc98 000000000274cc9c
0x00000000121ff240:   000000000274cc90 000000000274cc94
0x00000000121ff250:   000000000274cc88 000000000274cc8c
0x00000000121ff260:   000000000274cc80 000000000274cc84
0x00000000121ff270:   0000000077bf4510 0000000000000001
0x00000000121ff280:   0000000077ccd660 00000000ffffffff
0x00000000121ff290:   00000000000002c8 00000000000002c8
0x00000000121ff2a0:   0000000000000001 00000000751699e5
0x00000000121ff2b0:   0000000000000003 000007fefe371945
0x00000000121ff2c0:   0000000077ccd660 0000000000000001
0x00000000121ff2d0:   0000000000000011 0000000002a66d3f
0x00000000121ff2e0:   0000000000001000 00000000ef592728
0x00000000121ff2f0:   000000000a928004 000000005520d240
0x00000000121ff300:   000000000000027f 0000000000000000 

Instructions: (pc=0x000000005aef7fa9)
0x000000005aef7f89:   18 48 89 74 24 20 57 48 81 ec c0 00 00 00 48 8b
0x000000005aef7f99:   69 40 48 8b d9 48 8b ca 48 8b fa e8 47 59 e6 ff
0x000000005aef7fa9:   4c 8b 00 48 8b c8 48 8b f0 41 ff 50 08 84 c0 0f
0x000000005aef7fb9:   84 0d 01 00 00 48 8b cb e8 da 9a 32 00 48 3b e8 


Register to memory mapping:

RAX=0x0000000000000000 is an unknown value
RBX=0x00000000ef592728 is an oop

[error occurred during error reporting (printing register info), id 0xc0000005]

Stack: [0x0000000012100000,0x0000000012200000],  sp=0x00000000121ff210,  free space=1020k
Native frames: (J=compiled Java code, j=interpreted, Vv=VM code, C=native code)
V  [jvm.dll+0x227fa9]
C  0x0000000002a66d3f


---------------  P R O C E S S  ---------------

Java Threads: ( => current thread )
  0x000000005bad1000 JavaThread "localhost-startStop-1" daemon [_thread_blocked, id=2500, stack(0x000000005aaf0000,0x000000005abf0000)]
  0x0000000059b82800 JavaThread "Tomcat-startStop-1" daemon [_thread_blocked, id=6084, stack(0x000000005a5d0000,0x000000005a6d0000)]
  0x00000000565f0000 JavaThread "Monitor Ctrl-Break" daemon [_thread_in_native, id=5580, stack(0x00000000571b0000,0x00000000572b0000)]
  0x000000005658a800 JavaThread "Service Thread" daemon [_thread_blocked, id=2440, stack(0x0000000056e20000,0x0000000056f20000)]
  0x0000000056507000 JavaThread "C1 CompilerThread2" daemon [_thread_blocked, id=2664, stack(0x0000000056a20000,0x0000000056b20000)]
  0x0000000056505800 JavaThread "C2 CompilerThread1" daemon [_thread_blocked, id=3748, stack(0x0000000056d00000,0x0000000056e00000)]
  0x0000000056500800 JavaThread "C2 CompilerThread0" daemon [_thread_blocked, id=3724, stack(0x0000000056bf0000,0x0000000056cf0000)]
  0x000000005527c800 JavaThread "Attach Listener" daemon [_thread_blocked, id=5780, stack(0x0000000002550000,0x0000000002650000)]
  0x000000005527b000 JavaThread "Signal Dispatcher" daemon [_thread_blocked, id=172, stack(0x0000000056920000,0x0000000056a20000)]
  0x000000005521c000 JavaThread "Finalizer" daemon [_thread_blocked, id=5188, stack(0x0000000056400000,0x0000000056500000)]
  0x0000000055215000 JavaThread "Reference Handler" daemon [_thread_blocked, id=1652, stack(0x00000000560e0000,0x00000000561e0000)]
  0x000000000222b800 JavaThread "main" [_thread_blocked, id=5992, stack(0x0000000002650000,0x0000000002750000)]

Other Threads:
  0x0000000055211800 VMThread [stack: 0x00000000561f0000,0x00000000562f0000] [id=4936]
  0x0000000056595800 WatcherThread [stack: 0x0000000057080000,0x0000000057180000] [id=3308]

=>0x0000000002240000 (exited) GCTaskThread [stack: 0x0000000012100000,0x0000000012200000] [id=2296]

VM state:at safepoint (normal execution)

VM Mutex/Monitor currently owned by a thread:  ([mutex/lock_event])
[0x0000000002228980] Threads_lock - owner thread: 0x0000000055211800
[0x0000000002228e80] Heap_lock - owner thread: 0x000000005bad1000

Heap:
 PSYoungGen      total 68096K, used 40488K [0x00000000eb500000, 0x00000000f4500000, 0x0000000100000000)
  eden space 65536K, 57% used [0x00000000eb500000,0x00000000eda0a2b8,0x00000000ef500000)
  from space 2560K, 100% used [0x00000000ef500000,0x00000000ef780000,0x00000000ef780000)
  to   space 8192K, 63% used [0x00000000f3d00000,0x00000000f421bf70,0x00000000f4500000)
 ParOldGen       total 678912K, used 12313K [0x00000000c1e00000, 0x00000000eb500000, 0x00000000eb500000)
  object space 678912K, 1% used [0x00000000c1e00000,0x00000000c2a064d0,0x00000000eb500000)
 Metaspace       used 20884K, capacity 21180K, committed 21296K, reserved 1069056K
  class space    used 2489K, capacity 2624K, committed 2688K, reserved 1048576K

Card table byte_map: [0x0000000011de0000,0x0000000011fe0000] byte_map_base: 0x00000000117d1000

Marking Bits: (ParMarkBitMap*) 0x000000005b4d4040
 Begin Bits: [0x0000000012770000, 0x00000000136f8000)
 End Bits:   [0x00000000136f8000, 0x0000000014680000)

Polling page: 0x0000000000130000

CodeCache: size=245760Kb used=11077Kb max_used=11077Kb free=234682Kb
 bounds [0x0000000002a20000, 0x0000000003500000, 0x0000000011a20000]
 total_blobs=3541 nmethods=3173 adapters=280
 compilation: enabled

Compilation events (10 events):
Event: 2.190 Thread 0x0000000056507000 3175  s    3       java.util.Hashtable::get (69 bytes)
Event: 2.190 Thread 0x0000000056505800 nmethod 3174 0x00000000034f2dd0 code [0x00000000034f2f20, 0x00000000034f3018]
Event: 2.190 Thread 0x0000000056507000 nmethod 3175 0x00000000034f23d0 code [0x00000000034f2560, 0x00000000034f2b78]
Event: 2.190 Thread 0x0000000056507000 3176       3       java.net.URI::match (56 bytes)
Event: 2.190 Thread 0x0000000056507000 nmethod 3176 0x00000000034fb210 code [0x00000000034fb380, 0x00000000034fb690]
Event: 2.191 Thread 0x0000000056507000 3177       3       java.util.Properties$LineReader::readLine (468 bytes)
Event: 2.192 Thread 0x0000000056507000 nmethod 3177 0x00000000034f5a90 code [0x00000000034f5d40, 0x00000000034f76c8]
Event: 2.192 Thread 0x0000000056507000 3178       3       java.lang.StringBuilder::append (8 bytes)
Event: 2.192 Thread 0x0000000056500800 3179       4       java.util.Properties::getProperty (46 bytes)
Event: 2.192 Thread 0x0000000056507000 nmethod 3178 0x00000000034f5710 code [0x00000000034f5880, 0x00000000034f5a08]

GC Heap History (10 events):
Event: 0.316 GC heap after
Heap after GC invocations=1 (full 0):
 PSYoungGen      total 18944K, used 2557K [0x00000000eb500000, 0x00000000eda00000, 0x0000000100000000)
  eden space 16384K, 0% used [0x00000000eb500000,0x00000000eb500000,0x00000000ec500000)
  from space 2560K, 99% used [0x00000000ec500000,0x00000000ec77f638,0x00000000ec780000)
  to   space 2560K, 0% used [0x00000000ed780000,0x00000000ed780000,0x00000000eda00000)
 ParOldGen       total 44032K, used 838K [0x00000000c1e00000, 0x00000000c4900000, 0x00000000eb500000)
  object space 44032K, 1% used [0x00000000c1e00000,0x00000000c1ed1b60,0x00000000c4900000)
 Metaspace       used 7084K, capacity 7228K, committed 7424K, reserved 1056768K
  class space    used 861K, capacity 920K, committed 1024K, reserved 1048576K
}
Event: 0.426 GC heap before
{Heap before GC invocations=2 (full 0):
 PSYoungGen      total 18944K, used 18941K [0x00000000eb500000, 0x00000000eda00000, 0x0000000100000000)
  eden space 16384K, 100% used [0x00000000eb500000,0x00000000ec500000,0x00000000ec500000)
  from space 2560K, 99% used [0x00000000ec500000,0x00000000ec77f638,0x00000000ec780000)
  to   space 2560K, 0% used [0x00000000ed780000,0x00000000ed780000,0x00000000eda00000)
 ParOldGen       total 44032K, used 838K [0x00000000c1e00000, 0x00000000c4900000, 0x00000000eb500000)
  object space 44032K, 1% used [0x00000000c1e00000,0x00000000c1ed1b60,0x00000000c4900000)
 Metaspace       used 7800K, capacity 7964K, committed 8192K, reserved 1056768K
  class space    used 964K, capacity 1016K, committed 1024K, reserved 1048576K
Event: 0.429 GC heap after
Heap after GC invocations=2 (full 0):
 PSYoungGen      total 35328K, used 2556K [0x00000000eb500000, 0x00000000eda00000, 0x0000000100000000)
  eden space 32768K, 0% used [0x00000000eb500000,0x00000000eb500000,0x00000000ed500000)
  from space 2560K, 99% used [0x00000000ed780000,0x00000000ed9ff250,0x00000000eda00000)
  to   space 2560K, 0% used [0x00000000ed500000,0x00000000ed500000,0x00000000ed780000)
 ParOldGen       total 44032K, used 1129K [0x00000000c1e00000, 0x00000000c4900000, 0x00000000eb500000)
  object space 44032K, 2% used [0x00000000c1e00000,0x00000000c1f1a690,0x00000000c4900000)
 Metaspace       used 7800K, capacity 7964K, committed 8192K, reserved 1056768K
  class space    used 964K, capacity 1016K, committed 1024K, reserved 1048576K
}
Event: 0.834 GC heap before
{Heap before GC invocations=3 (full 0):
 PSYoungGen      total 35328K, used 35324K [0x00000000eb500000, 0x00000000eda00000, 0x0000000100000000)
  eden space 32768K, 100% used [0x00000000eb500000,0x00000000ed500000,0x00000000ed500000)
  from space 2560K, 99% used [0x00000000ed780000,0x00000000ed9ff250,0x00000000eda00000)
  to   space 2560K, 0% used [0x00000000ed500000,0x00000000ed500000,0x00000000ed780000)
 ParOldGen       total 44032K, used 1129K [0x00000000c1e00000, 0x00000000c4900000, 0x00000000eb500000)
  object space 44032K, 2% used [0x00000000c1e00000,0x00000000c1f1a690,0x00000000c4900000)
 Metaspace       used 12745K, capacity 12878K, committed 13056K, reserved 1060864K
  class space    used 1605K, capacity 1669K, committed 1792K, reserved 1048576K
Event: 0.841 GC heap after
Heap after GC invocations=3 (full 0):
 PSYoungGen      total 35328K, used 2528K [0x00000000eb500000, 0x00000000efa00000, 0x0000000100000000)
  eden space 32768K, 0% used [0x00000000eb500000,0x00000000eb500000,0x00000000ed500000)
  from space 2560K, 98% used [0x00000000ed500000,0x00000000ed778208,0x00000000ed780000)
  to   space 2560K, 0% used [0x00000000ef780000,0x00000000ef780000,0x00000000efa00000)
 ParOldGen       total 44032K, used 6026K [0x00000000c1e00000, 0x00000000c4900000, 0x00000000eb500000)
  object space 44032K, 13% used [0x00000000c1e00000,0x00000000c23e2a40,0x00000000c4900000)
 Metaspace       used 12745K, capacity 12878K, committed 13056K, reserved 1060864K
  class space    used 1605K, capacity 1669K, committed 1792K, reserved 1048576K
}
Event: 1.123 GC heap before
{Heap before GC invocations=4 (full 0):
 PSYoungGen      total 35328K, used 35296K [0x00000000eb500000, 0x00000000efa00000, 0x0000000100000000)
  eden space 32768K, 100% used [0x00000000eb500000,0x00000000ed500000,0x00000000ed500000)
  from space 2560K, 98% used [0x00000000ed500000,0x00000000ed778208,0x00000000ed780000)
  to   space 2560K, 0% used [0x00000000ef780000,0x00000000ef780000,0x00000000efa00000)
 ParOldGen       total 44032K, used 6026K [0x00000000c1e00000, 0x00000000c4900000, 0x00000000eb500000)
  object space 44032K, 13% used [0x00000000c1e00000,0x00000000c23e2a40,0x00000000c4900000)
 Metaspace       used 13754K, capacity 13900K, committed 14080K, reserved 1060864K
  class space    used 1697K, capacity 1770K, committed 1792K, reserved 1048576K
Event: 1.129 GC heap after
Heap after GC invocations=4 (full 0):
 PSYoungGen      total 68096K, used 2528K [0x00000000eb500000, 0x00000000efa00000, 0x0000000100000000)
  eden space 65536K, 0% used [0x00000000eb500000,0x00000000eb500000,0x00000000ef500000)
  from space 2560K, 98% used [0x00000000ef780000,0x00000000ef9f8090,0x00000000efa00000)
  to   space 2560K, 0% used [0x00000000ef500000,0x00000000ef500000,0x00000000ef780000)
 ParOldGen       total 44032K, used 8450K [0x00000000c1e00000, 0x00000000c4900000, 0x00000000eb500000)
  object space 44032K, 19% used [0x00000000c1e00000,0x00000000c2640860,0x00000000c4900000)
 Metaspace       used 13754K, capacity 13900K, committed 14080K, reserved 1060864K
  class space    used 1697K, capacity 1770K, committed 1792K, reserved 1048576K
}
Event: 1.580 GC heap before
{Heap before GC invocations=5 (full 0):
 PSYoungGen      total 68096K, used 68064K [0x00000000eb500000, 0x00000000efa00000, 0x0000000100000000)
  eden space 65536K, 100% used [0x00000000eb500000,0x00000000ef500000,0x00000000ef500000)
  from space 2560K, 98% used [0x00000000ef780000,0x00000000ef9f8090,0x00000000efa00000)
  to   space 2560K, 0% used [0x00000000ef500000,0x00000000ef500000,0x00000000ef780000)
 ParOldGen       total 44032K, used 8450K [0x00000000c1e00000, 0x00000000c4900000, 0x00000000eb500000)
  object space 44032K, 19% used [0x00000000c1e00000,0x00000000c2640860,0x00000000c4900000)
 Metaspace       used 15092K, capacity 15468K, committed 15616K, reserved 1062912K
  class space    used 1813K, capacity 1956K, committed 2048K, reserved 1048576K
Event: 1.630 GC heap after
Heap after GC invocations=5 (full 0):
 PSYoungGen      total 68096K, used 2560K [0x00000000eb500000, 0x00000000f4500000, 0x0000000100000000)
  eden space 65536K, 0% used [0x00000000eb500000,0x00000000eb500000,0x00000000ef500000)
  from space 2560K, 100% used [0x00000000ef500000,0x00000000ef780000,0x00000000ef780000)
  to   space 8192K, 0% used [0x00000000f3d00000,0x00000000f3d00000,0x00000000f4500000)
 ParOldGen       total 44032K, used 12241K [0x00000000c1e00000, 0x00000000c4900000, 0x00000000eb500000)
  object space 44032K, 27% used [0x00000000c1e00000,0x00000000c29f44c0,0x00000000c4900000)
 Metaspace       used 15092K, capacity 15468K, committed 15616K, reserved 1062912K
  class space    used 1813K, capacity 1956K, committed 2048K, reserved 1048576K
}
Event: 2.194 GC heap before
{Heap before GC invocations=6 (full 0):
 PSYoungGen      total 68096K, used 40488K [0x00000000eb500000, 0x00000000f4500000, 0x0000000100000000)
  eden space 65536K, 57% used [0x00000000eb500000,0x00000000eda0a2b8,0x00000000ef500000)
  from space 2560K, 100% used [0x00000000ef500000,0x00000000ef780000,0x00000000ef780000)
  to   space 8192K, 0% used [0x00000000f3d00000,0x00000000f3d00000,0x00000000f4500000)
 ParOldGen       total 44032K, used 12241K [0x00000000c1e00000, 0x00000000c4900000, 0x00000000eb500000)
  object space 44032K, 27% used [0x00000000c1e00000,0x00000000c29f44c0,0x00000000c4900000)
 Metaspace       used 20884K, capacity 21180K, committed 21296K, reserved 1069056K
  class space    used 2489K, capacity 2624K, committed 2688K, reserved 1048576K

Deoptimization events (10 events):
Event: 2.140 Thread 0x000000000222b800 Uncommon trap: reason=bimorphic action=maybe_recompile pc=0x00000000034599dc method=java.util.Hashtable.get(Ljava/lang/Object;)Ljava/lang/Object; @ 6
Event: 2.141 Thread 0x000000000222b800 Uncommon trap: reason=bimorphic action=maybe_recompile pc=0x00000000034599dc method=java.util.Hashtable.get(Ljava/lang/Object;)Ljava/lang/Object; @ 6
Event: 2.141 Thread 0x000000000222b800 Uncommon trap: reason=bimorphic action=maybe_recompile pc=0x00000000034599dc method=java.util.Hashtable.get(Ljava/lang/Object;)Ljava/lang/Object; @ 6
Event: 2.145 Thread 0x000000000222b800 Uncommon trap: reason=unstable_if action=reinterpret pc=0x000000000317f4bc method=java.net.URI.match(CJJ)Z @ 45
Event: 2.182 Thread 0x000000005bad1000 Uncommon trap: reason=bimorphic action=maybe_recompile pc=0x00000000034599dc method=java.util.Hashtable.get(Ljava/lang/Object;)Ljava/lang/Object; @ 6
Event: 2.191 Thread 0x000000005bad1000 Uncommon trap: reason=unstable_if action=reinterpret pc=0x00000000033b5abc method=java.util.Properties$LineReader.readLine()I @ 180
Event: 2.191 Thread 0x000000005bad1000 Uncommon trap: reason=unstable_if action=reinterpret pc=0x000000000339b5f8 method=java.util.Properties$LineReader.readLine()I @ 180
Event: 2.192 Thread 0x000000005bad1000 Uncommon trap: reason=unstable_if action=reinterpret pc=0x0000000002cef434 method=java.lang.AbstractStringBuilder.append(Ljava/lang/String;)Ljava/lang/AbstractStringBuilder; @ 1
Event: 2.192 Thread 0x000000005bad1000 Uncommon trap: reason=unstable_if action=reinterpret pc=0x0000000002c51b58 method=java.lang.AbstractStringBuilder.append(Ljava/lang/String;)Ljava/lang/AbstractStringBuilder; @ 1
Event: 2.192 Thread 0x000000005bad1000 Uncommon trap: reason=unstable_if action=reinterpret pc=0x00000000034f1bec method=sun.util.calendar.ZoneInfo.getOffsets(J[II)I @ 4

Internal exceptions (10 events):
Event: 0.380 Thread 0x000000000222b800 Exception <a 'java/lang/ArrayIndexOutOfBoundsException'> (0x00000000ec10bc08) thrown at [C:\re\workspace\8-2-build-windows-amd64-cygwin\jdk8u45\3627\hotspot\src\share\vm\runtime\sharedRuntime.cpp, line 605]
Event: 0.380 Thread 0x000000000222b800 Exception <a 'java/lang/ArrayIndexOutOfBoundsException'> (0x00000000ec10d5e0) thrown at [C:\re\workspace\8-2-build-windows-amd64-cygwin\jdk8u45\3627\hotspot\src\share\vm\runtime\sharedRuntime.cpp, line 605]
Event: 0.908 Thread 0x000000000222b800 Implicit null exception at 0x0000000002db2405 to 0x0000000002db25d1
Event: 0.908 Thread 0x000000000222b800 Implicit null exception at 0x0000000002d2246f to 0x0000000002d224d5
Event: 0.919 Thread 0x000000000222b800 Implicit null exception at 0x0000000002efaad4 to 0x0000000002efad5d
Event: 0.943 Thread 0x000000000222b800 Implicit null exception at 0x0000000002df1c6b to 0x0000000002df23e5
Event: 1.800 Thread 0x000000000222b800 Exception <a 'java/io/FileNotFoundException'> (0x00000000ec361930) thrown at [C:\re\workspace\8-2-build-windows-amd64-cygwin\jdk8u45\3627\hotspot\src\share\vm\prims\jni.cpp, line 709]
Event: 2.192 Thread 0x000000005bad1000 Implicit null exception at 0x0000000002cef0c9 to 0x0000000002cef41d
Event: 2.192 Thread 0x000000005bad1000 Implicit null exception at 0x0000000002c517c7 to 0x0000000002c51b41
Event: 2.192 Thread 0x000000005bad1000 Implicit null exception at 0x00000000034f184b to 0x00000000034f1bc9

Events (10 events):
Event: 2.192 loading class java/net/URLConnection$1
Event: 2.192 loading class java/net/URLConnection$1 done
Event: 2.192 Thread 0x000000005bad1000 Uncommon trap: trap_request=0xffffff65 fr.pc=0x00000000034f1bec
Event: 2.192 Thread 0x000000005bad1000 DEOPT PACKING pc=0x00000000034f1bec sp=0x000000005abee500
Event: 2.192 Thread 0x000000005bad1000 DEOPT UNPACKING pc=0x0000000002a6582a sp=0x000000005abee490 mode 2
Event: 2.192 loading class org/apache/catalina/deploy/WebXml
Event: 2.192 loading class org/apache/catalina/deploy/WebXml done
Event: 2.192 loading class org/apache/catalina/deploy/WebXml
Event: 2.192 loading class org/apache/catalina/deploy/WebXml done
Event: 2.194 Executing VM operation: CollectForMetadataAllocation


Dynamic libraries:
0x000000013f4f0000 - 0x000000013f527000 	C:\Program Files\Java\jdk1.8.0_45\bin\java.exe
0x0000000077ba0000 - 0x0000000077d4a000 	C:\Windows\SYSTEM32\ntdll.dll
0x0000000077820000 - 0x000000007793f000 	C:\Windows\system32\kernel32.dll
0x000007fefe370000 - 0x000007fefe3da000 	C:\Windows\system32\KERNELBASE.dll
0x000007feffc20000 - 0x000007feffcfb000 	C:\Windows\system32\ADVAPI32.dll
0x000007fefe3e0000 - 0x000007fefe47f000 	C:\Windows\system32\msvcrt.dll
0x000007fefec50000 - 0x000007fefec6f000 	C:\Windows\SYSTEM32\sechost.dll
0x000007fefec70000 - 0x000007fefed9d000 	C:\Windows\system32\RPCRT4.dll
0x0000000077aa0000 - 0x0000000077b9a000 	C:\Windows\system32\USER32.dll
0x000007feffd00000 - 0x000007feffd67000 	C:\Windows\system32\GDI32.dll
0x000007feffdd0000 - 0x000007feffdde000 	C:\Windows\system32\LPK.dll
0x000007fefe770000 - 0x000007fefe83b000 	C:\Windows\system32\USP10.dll
0x000007fefca90000 - 0x000007fefcc84000 	C:\Windows\WinSxS\amd64_microsoft.windows.common-controls_6595b64144ccf1df_6.0.7601.18837_none_fa3b1e3d17594757\COMCTL32.dll
0x000007fefe510000 - 0x000007fefe581000 	C:\Windows\system32\SHLWAPI.dll
0x000007feffde0000 - 0x000007feffe0e000 	C:\Windows\system32\IMM32.DLL
0x000007fefe840000 - 0x000007fefe949000 	C:\Windows\system32\MSCTF.dll
0x0000000075100000 - 0x00000000751d2000 	C:\Program Files\Java\jdk1.8.0_45\jre\bin\msvcr100.dll
0x000000005acd0000 - 0x000000005b553000 	C:\Program Files\Java\jdk1.8.0_45\jre\bin\server\jvm.dll
0x000007fef9de0000 - 0x000007fef9de9000 	C:\Windows\system32\WSOCK32.dll
0x000007fefee40000 - 0x000007fefee8d000 	C:\Windows\system32\WS2_32.dll
0x000007fefe500000 - 0x000007fefe508000 	C:\Windows\system32\NSI.dll
0x000007fefbdf0000 - 0x000007fefbe2b000 	C:\Windows\system32\WINMM.dll
0x000007fefd150000 - 0x000007fefd15c000 	C:\Windows\system32\VERSION.dll
0x0000000077d60000 - 0x0000000077d67000 	C:\Windows\system32\PSAPI.DLL
0x00000000753d0000 - 0x00000000753df000 	C:\Program Files\Java\jdk1.8.0_45\jre\bin\verify.dll
0x0000000075340000 - 0x0000000075369000 	C:\Program Files\Java\jdk1.8.0_45\jre\bin\java.dll
0x0000000075380000 - 0x0000000075396000 	C:\Program Files\Java\jdk1.8.0_45\jre\bin\zip.dll
0x000007fefee90000 - 0x000007feffc1a000 	C:\Windows\system32\SHELL32.dll
0x000007fefe950000 - 0x000007fefeb4c000 	C:\Windows\system32\ole32.dll
0x000007fefe010000 - 0x000007fefe01f000 	C:\Windows\system32\profapi.dll
0x000007fefb9a0000 - 0x000007fefb9b0000 	C:\Program Files (x86)\JetBrains\IntelliJ IDEA Community Edition 14.0.3\bin\breakgen64.dll
0x0000000075320000 - 0x000000007533a000 	C:\Program Files\Java\jdk1.8.0_45\jre\bin\net.dll
0x000007fefd830000 - 0x000007fefd885000 	C:\Windows\system32\mswsock.dll
0x000007fefd820000 - 0x000007fefd827000 	C:\Windows\System32\wship6.dll
0x000007fefdee0000 - 0x000007fefdf37000 	C:\Windows\system32\apphelp.dll
0x00000000752a0000 - 0x00000000752b1000 	C:\Program Files\Java\jdk1.8.0_45\jre\bin\nio.dll
0x000007fefd890000 - 0x000007fefd8a8000 	C:\Windows\system32\CRYPTSP.dll
0x000007fefd590000 - 0x000007fefd5d7000 	C:\Windows\system32\rsaenh.dll
0x000007fefd340000 - 0x000007fefd35e000 	C:\Windows\system32\USERENV.dll
0x000007fefdf40000 - 0x000007fefdf4f000 	C:\Windows\system32\CRYPTBASE.dll
0x000007fefbc40000 - 0x000007fefbc67000 	C:\Windows\system32\IPHLPAPI.DLL
0x000007fefbc20000 - 0x000007fefbc2b000 	C:\Windows\system32\WINNSI.DLL
0x000007fefbb50000 - 0x000007fefbb61000 	C:\Windows\system32\dhcpcsvc6.DLL
0x000007fefbb30000 - 0x000007fefbb48000 	C:\Windows\system32\dhcpcsvc.DLL
0x00000000753c0000 - 0x00000000753cd000 	C:\Program Files\Java\jdk1.8.0_45\jre\bin\management.dll
0x000007fef9df0000 - 0x000007fef9f15000 	C:\Windows\system32\dbghelp.dll

VM Arguments:
jvm_args: -Dmaven.home=C:\dev\apache-maven-3.1.0 -Dclassworlds.conf=C:\dev\apache-maven-3.1.0\bin\m2.conf -Didea.launcher.port=7538 -Didea.launcher.bin.path=C:\Program Files (x86)\JetBrains\IntelliJ IDEA Community Edition 14.0.3\bin -Dfile.encoding=UTF-8 
java_command: com.intellij.rt.execution.application.AppMain org.codehaus.classworlds.Launcher -Didea.version=14.0.3 org.apache.tomcat.maven:tomcat7-maven-plugin:2.2:run
java_class_path (initial): C:\dev\apache-maven-3.1.0\boot\plexus-classworlds-2.4.2.jar;C:\Program Files (x86)\JetBrains\IntelliJ IDEA Community Edition 14.0.3\lib\idea_rt.jar
Launcher Type: SUN_STANDARD

Environment Variables:
JAVA_HOME=C:\Program Files\Java\jdk1.8.0_45
JRE_HOME=C:\Program Files\Java\jre7
USERNAME=student
OS=Windows_NT
PROCESSOR_IDENTIFIER=Intel64 Family 6 Model 58 Stepping 9, GenuineIntel



---------------  S Y S T E M  ---------------

OS: Windows 7 , 64 bit Build 7601 (6.1.7601.23889)

CPU:total 4 (4 cores per cpu, 1 threads per core) family 6 model 58 stepping 9, cmov, cx8, fxsr, mmx, sse, sse2, sse3, ssse3, sse4.1, sse4.2, popcnt, avx, aes, clmul, erms, tsc, tscinvbit, tscinv

Memory: 4k page, physical 4070316k(1223096k free), swap 8262760k(3883944k free)

vm_info: Java HotSpot(TM) 64-Bit Server VM (25.45-b02) for windows-amd64 JRE (1.8.0_45-b15), built on Apr 30 2015 12:40:44 by "java_re" with MS VC++ 10.0 (VS2010)

time: Fri Oct 27 15:16:34 2017
elapsed time: 2 seconds (0d 0h 0m 2s)

