2017-12-04 12:34:41,207   INFO org.springframework.web.context.ContextLoader: Root WebApplicationContext: initialization started
 2017-12-04 12:34:41,238   INFO org.springframework.web.context.support.AnnotationConfigWebApplicationContext: Refreshing Root WebApplicationContext: startup date [Mon Dec 04 12:34:41 EET 2017]; root of context hierarchy
 2017-12-04 12:34:41,323   INFO org.springframework.web.context.support.AnnotationConfigWebApplicationContext: Registering annotated classes: [class com.softserve.academy.tmw.configuration.webConfig.WebAppConfig,class com.softserve.academy.tmw.configuration.AppConfig,class com.softserve.academy.tmw.configuration.webConfig.SecurityConfig]
 2017-12-04 12:34:42,846   INFO org.springframework.beans.factory.annotation.AutowiredAnnotationBeanPostProcessor: JSR-330 'javax.inject.Inject' annotation found and supported for autowiring
 2017-12-04 12:34:46,611   INFO org.springframework.web.servlet.mvc.method.annotation.RequestMappingHandlerMapping: Mapped "{[/api/comment/{id}],methods=[GET]}" onto com.softserve.academy.tmw.entity.Comment com.softserve.academy.tmw.controller.CommentController.getComment(java.lang.Integer) throws java.sql.SQLException
 2017-12-04 12:34:46,613   INFO org.springframework.web.servlet.mvc.method.annotation.RequestMappingHandlerMapping: Mapped "{[/api/comment/],methods=[POST]}" onto com.softserve.academy.tmw.entity.Comment com.softserve.academy.tmw.controller.CommentController.createComment(com.softserve.academy.tmw.entity.Comment) throws java.sql.SQLException
 2017-12-04 12:34:46,614   INFO org.springframework.web.servlet.mvc.method.annotation.RequestMappingHandlerMapping: Mapped "{[/api/comment/],methods=[GET]}" onto java.util.List<com.softserve.academy.tmw.entity.Comment> com.softserve.academy.tmw.controller.CommentController.getAllComment() throws java.sql.SQLException
 2017-12-04 12:34:46,618   INFO org.springframework.web.servlet.mvc.method.annotation.RequestMappingHandlerMapping: Mapped "{[/api/comment/],methods=[PUT]}" onto boolean com.softserve.academy.tmw.controller.CommentController.updateComment(com.softserve.academy.tmw.entity.Comment) throws java.sql.SQLException
 2017-12-04 12:34:46,618   INFO org.springframework.web.servlet.mvc.method.annotation.RequestMappingHandlerMapping: Mapped "{[/api/comment/{id}],methods=[DELETE]}" onto boolean com.softserve.academy.tmw.controller.CommentController.deleteComment(java.lang.Integer) throws java.sql.SQLException
 2017-12-04 12:34:46,619   INFO org.springframework.web.servlet.mvc.method.annotation.RequestMappingHandlerMapping: Mapped "{[/login]}" onto public java.lang.String com.softserve.academy.tmw.controller.MainController.getLoginPage()
 2017-12-04 12:34:46,620   INFO org.springframework.web.servlet.mvc.method.annotation.RequestMappingHandlerMapping: Mapped "{[/]}" onto public java.lang.String com.softserve.academy.tmw.controller.MainController.getIndexPage(javax.servlet.http.HttpServletRequest)
 2017-12-04 12:34:46,622   INFO org.springframework.web.servlet.mvc.method.annotation.RequestMappingHandlerMapping: Mapped "{[/api/priority],methods=[GET]}" onto public java.util.List<com.softserve.academy.tmw.entity.Priority> com.softserve.academy.tmw.controller.PriorityController.getPriorities() throws java.sql.SQLException,com.fasterxml.jackson.core.JsonProcessingException
 2017-12-04 12:34:46,623   INFO org.springframework.web.servlet.mvc.method.annotation.RequestMappingHandlerMapping: Mapped "{[/api/priority/{id}],methods=[GET]}" onto java.lang.String com.softserve.academy.tmw.controller.PriorityController.getPriorityById(java.lang.Integer) throws java.sql.SQLException,java.io.IOException
 2017-12-04 12:34:46,625   INFO org.springframework.web.servlet.mvc.method.annotation.RequestMappingHandlerMapping: Mapped "{[/register],methods=[POST]}" onto public org.springframework.http.ResponseEntity com.softserve.academy.tmw.controller.RegistrationController.register(com.softserve.academy.tmw.entity.User)
 2017-12-04 12:34:46,633   INFO org.springframework.web.servlet.mvc.method.annotation.RequestMappingHandlerMapping: Mapped "{[/api/roles/{id}],methods=[GET]}" onto com.softserve.academy.tmw.entity.Role com.softserve.academy.tmw.controller.RoleController.getRole(java.lang.Integer) throws java.sql.SQLException
 2017-12-04 12:34:46,634   INFO org.springframework.web.servlet.mvc.method.annotation.RequestMappingHandlerMapping: Mapped "{[/api/roles/],methods=[GET]}" onto java.util.List<com.softserve.academy.tmw.entity.Role> com.softserve.academy.tmw.controller.RoleController.getAllRoles() throws java.sql.SQLException
 2017-12-04 12:34:46,635   INFO org.springframework.web.servlet.mvc.method.annotation.RequestMappingHandlerMapping: Mapped "{[/api/roles/{id}],methods=[DELETE]}" onto boolean com.softserve.academy.tmw.controller.RoleController.deleteRole(java.lang.Integer) throws java.sql.SQLException
 2017-12-04 12:34:46,636   INFO org.springframework.web.servlet.mvc.method.annotation.RequestMappingHandlerMapping: Mapped "{[/api/roles/],methods=[PUT]}" onto boolean com.softserve.academy.tmw.controller.RoleController.updateRole(com.softserve.academy.tmw.entity.Role) throws java.sql.SQLException
 2017-12-04 12:34:48,499   INFO org.springframework.web.servlet.mvc.method.annotation.RequestMappingHandlerMapping: Mapped "{[/api/roles/],methods=[POST]}" onto com.softserve.academy.tmw.entity.Role com.softserve.academy.tmw.controller.RoleController.createRole(com.softserve.academy.tmw.entity.Role) throws java.sql.SQLException
 2017-12-04 12:34:48,506   INFO org.springframework.web.servlet.mvc.method.annotation.RequestMappingHandlerMapping: Mapped "{[/api/status],methods=[POST]}" onto public com.softserve.academy.tmw.entity.Status com.softserve.academy.tmw.controller.StatusController.createStatus(com.softserve.academy.tmw.entity.Status) throws java.sql.SQLException
 2017-12-04 12:34:48,506   INFO org.springframework.web.servlet.mvc.method.annotation.RequestMappingHandlerMapping: Mapped "{[/api/status],methods=[PUT]}" onto boolean com.softserve.academy.tmw.controller.StatusController.updateStatus(java.lang.String) throws java.sql.SQLException,java.io.IOException
 2017-12-04 12:34:48,506   INFO org.springframework.web.servlet.mvc.method.annotation.RequestMappingHandlerMapping: Mapped "{[/api/status],methods=[DELETE]}" onto boolean com.softserve.academy.tmw.controller.StatusController.deleteStatus(java.lang.String) throws java.sql.SQLException,java.io.IOException
 2017-12-04 12:34:48,507   INFO org.springframework.web.servlet.mvc.method.annotation.RequestMappingHandlerMapping: Mapped "{[/api/status],methods=[GET]}" onto public java.util.List<com.softserve.academy.tmw.entity.Status> com.softserve.academy.tmw.controller.StatusController.getStatuses() throws java.sql.SQLException,com.fasterxml.jackson.core.JsonProcessingException
 2017-12-04 12:34:48,518   INFO org.springframework.web.servlet.mvc.method.annotation.RequestMappingHandlerMapping: Mapped "{[/api/tags/{id}],methods=[GET]}" onto com.softserve.academy.tmw.entity.Tag com.softserve.academy.tmw.controller.TagController.getTag(java.lang.Integer) throws java.sql.SQLException
 2017-12-04 12:34:48,519   INFO org.springframework.web.servlet.mvc.method.annotation.RequestMappingHandlerMapping: Mapped "{[/api/tags],methods=[POST]}" onto public com.softserve.academy.tmw.entity.Tag com.softserve.academy.tmw.controller.TagController.createTag(com.softserve.academy.tmw.entity.Tag) throws java.sql.SQLException
 2017-12-04 12:34:48,519   INFO org.springframework.web.servlet.mvc.method.annotation.RequestMappingHandlerMapping: Mapped "{[/api/tags],methods=[PUT]}" onto public boolean com.softserve.academy.tmw.controller.TagController.updateTag(com.softserve.academy.tmw.entity.Tag)
 2017-12-04 12:34:48,520   INFO org.springframework.web.servlet.mvc.method.annotation.RequestMappingHandlerMapping: Mapped "{[/api/tags/{id}],methods=[DELETE]}" onto public boolean com.softserve.academy.tmw.controller.TagController.deleteTag(java.lang.Integer)
 2017-12-04 12:34:48,520   INFO org.springframework.web.servlet.mvc.method.annotation.RequestMappingHandlerMapping: Mapped "{[/api/tags],methods=[GET]}" onto java.util.List<com.softserve.academy.tmw.entity.Tag> com.softserve.academy.tmw.controller.TagController.getTagsByUserId() throws java.sql.SQLException
 2017-12-04 12:34:48,521   INFO org.springframework.web.servlet.mvc.method.annotation.RequestMappingHandlerMapping: Mapped "{[/api/tags],methods=[DELETE]}" onto public boolean com.softserve.academy.tmw.controller.TagController.deleteAllUserTags(java.lang.Integer)
 2017-12-04 12:34:48,549   INFO org.springframework.web.servlet.mvc.method.annotation.RequestMappingHandlerMapping: Mapped "{[/api/tasks/one/{id}],methods=[GET]}" onto com.softserve.academy.tmw.entity.Task com.softserve.academy.tmw.controller.TaskController.getTask(java.lang.Integer)
 2017-12-04 12:34:48,551   INFO org.springframework.web.servlet.mvc.method.annotation.RequestMappingHandlerMapping: Mapped "{[/api/tasks/planning],methods=[GET]}" onto public java.util.List<com.softserve.academy.tmw.entity.Task> com.softserve.academy.tmw.controller.TaskController.getPlannedTasks()
 2017-12-04 12:34:48,552   INFO org.springframework.web.servlet.mvc.method.annotation.RequestMappingHandlerMapping: Mapped "{[/api/tasks/planning/{id}],methods=[GET]}" onto public com.softserve.academy.tmw.entity.Task com.softserve.academy.tmw.controller.TaskController.getPlannedTask(java.lang.Integer)
 2017-12-04 12:34:48,570   INFO org.springframework.web.servlet.mvc.method.annotation.RequestMappingHandlerMapping: Mapped "{[/api/tasks/tree/{id}],methods=[GET]}" onto java.util.List<com.softserve.academy.tmw.dto.TaskTreeDTO> com.softserve.academy.tmw.controller.TaskController.getTreeSubtask(java.lang.Integer,int)
 2017-12-04 12:34:48,571   INFO org.springframework.web.servlet.mvc.method.annotation.RequestMappingHandlerMapping: Mapped "{[/api/tasks/{id}],methods=[DELETE]}" onto boolean com.softserve.academy.tmw.controller.TaskController.deleteTask(int)
 2017-12-04 12:34:48,572   INFO org.springframework.web.servlet.mvc.method.annotation.RequestMappingHandlerMapping: Mapped "{[/api/tasks],methods=[PUT]}" onto boolean com.softserve.academy.tmw.controller.TaskController.updateTask(com.softserve.academy.tmw.dto.TaskDTO)
 2017-12-04 12:34:48,574   INFO org.springframework.web.servlet.mvc.method.annotation.RequestMappingHandlerMapping: Mapped "{[/api/tasks],methods=[GET]}" onto java.util.List<com.softserve.academy.tmw.entity.Task> com.softserve.academy.tmw.controller.TaskController.getAllTasks()
 2017-12-04 12:34:48,575   INFO org.springframework.web.servlet.mvc.method.annotation.RequestMappingHandlerMapping: Mapped "{[/api/tasks/{id}/tags],methods=[GET]}" onto java.util.List<com.softserve.academy.tmw.entity.Tag> com.softserve.academy.tmw.controller.TaskController.getTagsOfTask(java.lang.Integer)
 2017-12-04 12:34:48,575   INFO org.springframework.web.servlet.mvc.method.annotation.RequestMappingHandlerMapping: Mapped "{[/api/tasks/{id}/subtasks],methods=[GET]}" onto java.util.List<com.softserve.academy.tmw.entity.Task> com.softserve.academy.tmw.controller.TaskController.getSubtasks(java.lang.Integer)
 2017-12-04 12:34:48,576   INFO org.springframework.web.servlet.mvc.method.annotation.RequestMappingHandlerMapping: Mapped "{[/api/tasks/filter],methods=[GET]}" onto public java.util.List<com.softserve.academy.tmw.dto.TaskTableDTO> com.softserve.academy.tmw.controller.TaskController.getFilteredTasks(int,java.lang.String[],int[],int[],int[])
 2017-12-04 12:34:48,577   INFO org.springframework.web.servlet.mvc.method.annotation.RequestMappingHandlerMapping: Mapped "{[/api/tasks/jira-import],methods=[POST]}" onto public com.softserve.academy.tmw.entity.Task com.softserve.academy.tmw.controller.TaskController.importTask(com.softserve.academy.tmw.dto.TaskJiraDTO)
 2017-12-04 12:34:48,577   INFO org.springframework.web.servlet.mvc.method.annotation.RequestMappingHandlerMapping: Mapped "{[/api/tasks/id/{key}],methods=[GET]}" onto int com.softserve.academy.tmw.controller.TaskController.getTaskByJiraKey(java.lang.String)
 2017-12-04 12:34:48,578   INFO org.springframework.web.servlet.mvc.method.annotation.RequestMappingHandlerMapping: Mapped "{[/api/tasks/{id}/comments],methods=[GET]}" onto java.util.List<com.softserve.academy.tmw.entity.Comment> com.softserve.academy.tmw.controller.TaskController.getCommentsOfTask(java.lang.Integer)
 2017-12-04 12:34:48,578   INFO org.springframework.web.servlet.mvc.method.annotation.RequestMappingHandlerMapping: Mapped "{[/api/tasks/planning],methods=[PUT]}" onto boolean com.softserve.academy.tmw.controller.TaskController.updateCalendarTask(com.softserve.academy.tmw.entity.Task)
 2017-12-04 12:34:48,579   INFO org.springframework.web.servlet.mvc.method.annotation.RequestMappingHandlerMapping: Mapped "{[/api/tasks/view/{id}],methods=[GET]}" onto com.softserve.academy.tmw.dto.TaskFullInfoDTO com.softserve.academy.tmw.controller.TaskController.getFullInfoByUser(java.lang.Integer)
 2017-12-04 12:34:48,585   INFO org.springframework.web.servlet.mvc.method.annotation.RequestMappingHandlerMapping: Mapped "{[/api/users/verify/{id}],methods=[GET]}" onto boolean com.softserve.academy.tmw.controller.UserController.verifyUser(java.lang.Integer,long)
 2017-12-04 12:34:48,586   INFO org.springframework.web.servlet.mvc.method.annotation.RequestMappingHandlerMapping: Mapped "{[/api/users/del/{id}],methods=[DELETE]}" onto boolean com.softserve.academy.tmw.controller.UserController.deleteUser(java.lang.Integer) throws java.sql.SQLException
 2017-12-04 12:34:48,586   INFO org.springframework.web.servlet.mvc.method.annotation.RequestMappingHandlerMapping: Mapped "{[/api/users/add/],methods=[POST]}" onto com.softserve.academy.tmw.entity.User com.softserve.academy.tmw.controller.UserController.createUser(com.softserve.academy.tmw.entity.User) throws java.sql.SQLException
 2017-12-04 12:34:48,652   INFO org.springframework.web.servlet.mvc.method.annotation.RequestMappingHandlerMapping: Mapped "{[/api/users/email/{email}],methods=[GET]}" onto com.softserve.academy.tmw.entity.User com.softserve.academy.tmw.controller.UserController.getUser(java.lang.String) throws java.sql.SQLException
 2017-12-04 12:34:48,653   INFO org.springframework.web.servlet.mvc.method.annotation.RequestMappingHandlerMapping: Mapped "{[/api/users/id/{id}],methods=[GET]}" onto com.softserve.academy.tmw.entity.User com.softserve.academy.tmw.controller.UserController.getUser(java.lang.Integer) throws java.sql.SQLException
 2017-12-04 12:34:48,654   INFO org.springframework.web.servlet.mvc.method.annotation.RequestMappingHandlerMapping: Mapped "{[/api/users/update],methods=[PUT]}" onto boolean com.softserve.academy.tmw.controller.UserController.updateUser(com.softserve.academy.tmw.entity.User) throws java.sql.SQLException
 2017-12-04 12:34:48,654   INFO org.springframework.web.servlet.mvc.method.annotation.RequestMappingHandlerMapping: Mapped "{[/api/users/team/{taskId}],methods=[GET]}" onto java.util.List<com.softserve.academy.tmw.entity.User> com.softserve.academy.tmw.controller.UserController.getAllUsers(java.lang.Integer,int) throws java.sql.SQLException
 2017-12-04 12:34:48,656   INFO org.springframework.web.servlet.mvc.method.annotation.RequestMappingHandlerMapping: Mapped "{[/api/logout],methods=[POST]}" onto public org.springframework.http.ResponseEntity com.softserve.academy.tmw.security.LoginController.logout(javax.servlet.http.HttpServletRequest,javax.servlet.http.HttpServletResponse)
 2017-12-04 12:34:48,657   INFO org.springframework.web.servlet.mvc.method.annotation.RequestMappingHandlerMapping: Mapped "{[/login],methods=[POST]}" onto public org.springframework.http.ResponseEntity<com.softserve.academy.tmw.security.UserProxy> com.softserve.academy.tmw.security.LoginController.getAuthenticationToken(com.softserve.academy.tmw.security.UserCredential,javax.servlet.http.HttpServletResponse)
 2017-12-04 12:34:48,920   INFO org.springframework.web.servlet.handler.SimpleUrlHandlerMapping: Mapped URL path [/**] onto handler of type [class org.springframework.web.servlet.resource.DefaultServletHttpRequestHandler]
 2017-12-04 12:34:49,445   INFO org.hibernate.validator.internal.util.Version: HV000001: Hibernate Validator 5.4.1.Final
 2017-12-04 12:34:49,899   INFO org.springframework.web.servlet.mvc.method.annotation.RequestMappingHandlerAdapter: Looking for @ControllerAdvice: Root WebApplicationContext: startup date [Mon Dec 04 12:34:41 EET 2017]; root of context hierarchy
 2017-12-04 12:34:50,105   INFO org.springframework.web.servlet.mvc.method.annotation.ExceptionHandlerExceptionResolver: Detected @ExceptionHandler methods in errorController
 2017-12-04 12:34:50,755   INFO org.springframework.security.web.DefaultSecurityFilterChain: Creating filter chain: Ant [pattern='/resources/**'], []
 2017-12-04 12:34:51,933   INFO org.springframework.security.web.DefaultSecurityFilterChain: Creating filter chain: org.springframework.security.web.util.matcher.AnyRequestMatcher@1, [org.springframework.security.web.context.request.async.WebAsyncManagerIntegrationFilter@406d7628, org.springframework.security.web.context.SecurityContextPersistenceFilter@7211d929, org.springframework.security.web.header.HeaderWriterFilter@7da0190, org.springframework.security.web.authentication.logout.LogoutFilter@76e143c6, com.softserve.academy.tmw.security.TokenAuthenticationFilter@1979f2cb, org.springframework.security.web.savedrequest.RequestCacheAwareFilter@785a526, org.springframework.security.web.servletapi.SecurityContextHolderAwareRequestFilter@db8458e, org.springframework.security.web.authentication.AnonymousAuthenticationFilter@1f522af, org.springframework.security.web.session.SessionManagementFilter@1f8d34a4, org.springframework.security.web.access.ExceptionTranslationFilter@51e8e6cc, org.springframework.security.web.access.intercept.FilterSecurityInterceptor@92c15e1]
 2017-12-04 12:34:52,167   INFO org.springframework.web.context.ContextLoader: Root WebApplicationContext: initialization completed in 10960 ms
 2017-12-04 12:34:52,450   INFO org.springframework.web.servlet.DispatcherServlet: FrameworkServlet 'dispatcher': initialization started
 2017-12-04 12:34:52,454   INFO org.springframework.web.context.support.AnnotationConfigWebApplicationContext: Refreshing WebApplicationContext for namespace 'dispatcher-servlet': startup date [Mon Dec 04 12:34:52 EET 2017]; parent: Root WebApplicationContext
 2017-12-04 12:34:52,457   INFO org.springframework.beans.factory.annotation.AutowiredAnnotationBeanPostProcessor: JSR-330 'javax.inject.Inject' annotation found and supported for autowiring
 2017-12-04 12:34:52,578   INFO org.springframework.web.servlet.DispatcherServlet: FrameworkServlet 'dispatcher': initialization completed in 128 ms
 2017-12-04 12:37:05,553   INFO com.softserve.academy.tmw.controller.MainController: User with ip: 0:0:0:0:0:0:0:1 connected
 2017-12-04 12:37:12,267   INFO com.softserve.academy.tmw.security.LoginController: User with credentials email sveta@gmail.com 123456 going to login.
 2017-12-04 12:37:14,048   INFO com.softserve.academy.tmw.security.LoginController: Token created.
 2017-12-04 12:37:14,048   INFO com.softserve.academy.tmw.security.LoginController: User authentication success. User: Svitlana with email address: sveta@gmail.com logged in.
 2017-12-04 12:38:38,766   INFO com.softserve.academy.tmw.controller.MainController: User with ip: 0:0:0:0:0:0:0:1 connected
 2017-12-04 12:38:45,780   INFO com.softserve.academy.tmw.security.LoginController: User with credentials email sveta@gmail.com 123456 going to login.
 2017-12-04 12:38:46,014   INFO com.softserve.academy.tmw.security.LoginController: Token created.
 2017-12-04 12:38:46,014   INFO com.softserve.academy.tmw.security.LoginController: User authentication success. User: Svitlana with email address: sveta@gmail.com logged in.
 2017-12-04 13:08:56,518   INFO com.softserve.academy.tmw.controller.MainController: User with ip: 0:0:0:0:0:0:0:1 connected
 2017-12-04 13:08:59,075   INFO com.softserve.academy.tmw.security.LoginController: User with credentials email sveta@gmail.com 123456 going to login.
 2017-12-04 13:08:59,288   INFO com.softserve.academy.tmw.security.LoginController: Token created.
 2017-12-04 13:08:59,288   INFO com.softserve.academy.tmw.security.LoginController: User authentication success. User: Svitlana with email address: sveta@gmail.com logged in.
 